2021-05-12 11:38:58,469 CRIT Supervisor is running as root.  Privileges were not dropped because no user is specified in the config file.  If you intend to run as root, you can set user=root in the config file to avoid this message.
2021-05-12 11:38:58,470 WARN No file matches via include "/etc/supervisor/conf.d/*.conf"
2021-05-12 11:38:58,479 INFO RPC interface 'supervisor' initialized
2021-05-12 11:38:58,480 CRIT Server 'unix_http_server' running without any HTTP authentication checking
2021-05-12 11:38:58,481 INFO supervisord started with pid 1
2021-05-12 11:41:00,925 WARN received SIGQUIT indicating exit request
2021-05-12 11:41:03,325 CRIT Supervisor is running as root.  Privileges were not dropped because no user is specified in the config file.  If you intend to run as root, you can set user=root in the config file to avoid this message.
2021-05-12 11:41:03,326 INFO Included extra file "/etc/supervisor/conf.d/phpSupervisord.conf" during parsing
2021-05-12 11:41:03,339 INFO RPC interface 'supervisor' initialized
2021-05-12 11:41:03,339 CRIT Server 'unix_http_server' running without any HTTP authentication checking
2021-05-12 11:41:03,340 INFO supervisord started with pid 1
2021-05-12 11:41:04,350 INFO spawned: 'php' with pid 10
2021-05-12 11:41:05,403 INFO success: php entered RUNNING state, process has stayed up for > than 1 seconds (startsecs)
2021-05-12 12:11:00,596 WARN received SIGQUIT indicating exit request
2021-05-12 12:11:00,597 INFO waiting for php to die
2021-05-12 12:11:00,606 INFO stopped: php (exit status 0)
2021-05-12 12:11:03,138 CRIT Supervisor is running as root.  Privileges were not dropped because no user is specified in the config file.  If you intend to run as root, you can set user=root in the config file to avoid this message.
2021-05-12 12:11:03,139 INFO Included extra file "/etc/supervisor/conf.d/phpSupervisord.conf" during parsing
2021-05-12 12:11:03,159 INFO RPC interface 'supervisor' initialized
2021-05-12 12:11:03,160 CRIT Server 'unix_http_server' running without any HTTP authentication checking
2021-05-12 12:11:03,160 INFO supervisord started with pid 1
2021-05-12 12:11:04,164 INFO spawnerr: command at '/var/www/html/index.php' is not executable
2021-05-12 12:11:04,167 INFO spawned: 'php' with pid 10
2021-05-12 12:11:05,217 INFO spawnerr: command at '/var/www/html/index.php' is not executable
2021-05-12 12:11:05,221 INFO success: php entered RUNNING state, process has stayed up for > than 1 seconds (startsecs)
2021-05-12 12:11:07,227 INFO spawnerr: command at '/var/www/html/index.php' is not executable
2021-05-12 12:11:10,237 INFO spawnerr: command at '/var/www/html/index.php' is not executable
2021-05-12 12:11:10,240 INFO gave up: test entered FATAL state, too many start retries too quickly
2021-05-12 12:14:09,634 INFO reaped unknown pid 27
2021-05-12 12:14:09,635 INFO reaped unknown pid 28
2021-05-12 12:14:09,637 INFO reaped unknown pid 30
2021-05-12 12:14:09,639 INFO reaped unknown pid 29
2021-05-12 12:14:09,641 INFO reaped unknown pid 22
2021-05-12 12:14:53,873 WARN received SIGQUIT indicating exit request
2021-05-12 12:14:53,874 INFO waiting for php to die
2021-05-12 12:14:53,882 INFO stopped: php (exit status 0)
2021-05-12 12:14:56,214 CRIT Supervisor is running as root.  Privileges were not dropped because no user is specified in the config file.  If you intend to run as root, you can set user=root in the config file to avoid this message.
2021-05-12 12:14:56,214 INFO Included extra file "/etc/supervisor/conf.d/phpSupervisord.conf" during parsing
2021-05-12 12:14:56,238 INFO RPC interface 'supervisor' initialized
2021-05-12 12:14:56,239 CRIT Server 'unix_http_server' running without any HTTP authentication checking
2021-05-12 12:14:56,240 INFO supervisord started with pid 1
2021-05-12 12:14:57,242 INFO spawnerr: command at '/var/www/html/index.php' is not executable
2021-05-12 12:14:57,248 INFO spawned: 'php' with pid 10
2021-05-12 12:14:58,296 INFO spawnerr: command at '/var/www/html/index.php' is not executable
2021-05-12 12:14:58,297 INFO success: php entered RUNNING state, process has stayed up for > than 1 seconds (startsecs)
2021-05-12 12:15:00,305 INFO spawnerr: command at '/var/www/html/index.php' is not executable
2021-05-12 12:15:03,313 INFO spawnerr: command at '/var/www/html/index.php' is not executable
2021-05-12 12:15:03,314 INFO gave up: test entered FATAL state, too many start retries too quickly
2021-05-12 12:16:01,664 WARN received SIGQUIT indicating exit request
2021-05-12 12:16:01,665 INFO waiting for php to die
2021-05-12 12:16:01,671 INFO stopped: php (exit status 0)
2021-05-12 12:16:04,410 CRIT Supervisor is running as root.  Privileges were not dropped because no user is specified in the config file.  If you intend to run as root, you can set user=root in the config file to avoid this message.
2021-05-12 12:16:04,410 INFO Included extra file "/etc/supervisor/conf.d/phpSupervisord.conf" during parsing
2021-05-12 12:16:04,434 INFO RPC interface 'supervisor' initialized
2021-05-12 12:16:04,435 CRIT Server 'unix_http_server' running without any HTTP authentication checking
2021-05-12 12:16:04,435 INFO supervisord started with pid 1
2021-05-12 12:16:05,438 INFO spawnerr: command at '/var/www/html/index.php' is not executable
2021-05-12 12:16:05,442 INFO spawned: 'php' with pid 9
2021-05-12 12:16:06,501 INFO spawnerr: command at '/var/www/html/index.php' is not executable
2021-05-12 12:16:06,504 INFO success: php entered RUNNING state, process has stayed up for > than 1 seconds (startsecs)
2021-05-12 12:16:08,331 WARN received SIGQUIT indicating exit request
2021-05-12 12:16:08,332 INFO waiting for test, php to die
2021-05-12 12:16:08,339 INFO stopped: php (exit status 0)
2021-05-12 12:16:11,715 CRIT Supervisor is running as root.  Privileges were not dropped because no user is specified in the config file.  If you intend to run as root, you can set user=root in the config file to avoid this message.
2021-05-12 12:16:11,716 INFO Included extra file "/etc/supervisor/conf.d/phpSupervisord.conf" during parsing
2021-05-12 12:16:11,739 INFO RPC interface 'supervisor' initialized
2021-05-12 12:16:11,740 CRIT Server 'unix_http_server' running without any HTTP authentication checking
2021-05-12 12:16:11,740 INFO supervisord started with pid 1
2021-05-12 12:16:12,746 INFO spawnerr: command at '/var/www/html/index.php' is not executable
2021-05-12 12:16:12,754 INFO spawned: 'php' with pid 11
2021-05-12 12:16:13,807 INFO spawnerr: command at '/var/www/html/index.php' is not executable
2021-05-12 12:16:13,810 INFO success: php entered RUNNING state, process has stayed up for > than 1 seconds (startsecs)
2021-05-12 12:16:15,818 INFO spawnerr: command at '/var/www/html/index.php' is not executable
2021-05-12 12:16:18,828 INFO spawnerr: command at '/var/www/html/index.php' is not executable
2021-05-12 12:16:18,831 INFO gave up: test entered FATAL state, too many start retries too quickly
2021-05-12 12:18:08,383 INFO reaped unknown pid 28
2021-05-12 12:18:08,390 INFO reaped unknown pid 29
2021-05-12 12:18:08,392 INFO reaped unknown pid 30
2021-05-12 12:18:08,393 INFO reaped unknown pid 31
2021-05-12 12:18:08,395 INFO reaped unknown pid 23
2021-05-12 12:18:19,168 INFO reaped unknown pid 39
2021-05-12 12:18:19,170 INFO reaped unknown pid 38
2021-05-12 12:18:19,173 INFO reaped unknown pid 40
2021-05-12 12:18:19,176 INFO reaped unknown pid 41
2021-05-12 12:18:19,178 INFO reaped unknown pid 33
2021-05-12 12:20:36,636 INFO reaped unknown pid 48
2021-05-12 12:20:36,639 INFO reaped unknown pid 49
2021-05-12 12:20:36,641 INFO reaped unknown pid 50
2021-05-12 12:20:36,643 INFO reaped unknown pid 51
2021-05-12 12:20:36,644 INFO reaped unknown pid 43
2021-05-12 13:51:07,218 WARN received SIGQUIT indicating exit request
2021-05-12 13:51:07,221 INFO waiting for php to die
2021-05-12 13:51:07,239 INFO stopped: php (exit status 0)
2021-05-12 13:51:14,126 CRIT Supervisor is running as root.  Privileges were not dropped because no user is specified in the config file.  If you intend to run as root, you can set user=root in the config file to avoid this message.
2021-05-12 13:51:14,127 INFO Included extra file "/etc/supervisor/conf.d/phpSupervisord.conf" during parsing
2021-05-12 13:51:14,155 INFO RPC interface 'supervisor' initialized
2021-05-12 13:51:14,156 CRIT Server 'unix_http_server' running without any HTTP authentication checking
2021-05-12 13:51:14,157 INFO supervisord started with pid 1
2021-05-12 13:51:15,169 INFO spawned: 'php' with pid 10
2021-05-12 13:51:15,181 INFO spawned: 'laravel-s-test' with pid 11
2021-05-12 13:51:15,216 INFO exited: laravel-s-test (exit status 1; not expected)
2021-05-12 13:51:16,246 INFO success: php entered RUNNING state, process has stayed up for > than 1 seconds (startsecs)
2021-05-12 13:51:16,256 INFO spawned: 'laravel-s-test' with pid 14
2021-05-12 13:51:16,305 INFO exited: laravel-s-test (exit status 1; not expected)
2021-05-12 13:51:18,316 INFO spawned: 'laravel-s-test' with pid 15
2021-05-12 13:51:18,364 INFO exited: laravel-s-test (exit status 1; not expected)
2021-05-12 13:51:21,385 INFO spawned: 'laravel-s-test' with pid 16
2021-05-12 13:51:21,420 INFO exited: laravel-s-test (exit status 1; not expected)
2021-05-12 13:51:22,423 INFO gave up: laravel-s-test entered FATAL state, too many start retries too quickly
2021-05-12 13:59:48,550 WARN received SIGQUIT indicating exit request
2021-05-12 13:59:48,551 INFO waiting for php to die
2021-05-12 13:59:49,563 INFO stopped: php (exit status 0)
2021-05-12 13:59:55,809 CRIT Supervisor is running as root.  Privileges were not dropped because no user is specified in the config file.  If you intend to run as root, you can set user=root in the config file to avoid this message.
2021-05-12 13:59:55,810 INFO Included extra file "/etc/supervisor/conf.d/phpSupervisord.conf" during parsing
2021-05-12 13:59:55,832 INFO RPC interface 'supervisor' initialized
2021-05-12 13:59:55,833 CRIT Server 'unix_http_server' running without any HTTP authentication checking
2021-05-12 13:59:55,834 INFO supervisord started with pid 1
2021-05-12 13:59:56,842 INFO spawned: 'php' with pid 11
2021-05-12 13:59:56,858 INFO spawned: 'laravel-s-test' with pid 12
2021-05-12 13:59:56,890 INFO exited: laravel-s-test (exit status 1; not expected)
2021-05-12 13:59:57,898 INFO success: php entered RUNNING state, process has stayed up for > than 1 seconds (startsecs)
2021-05-12 13:59:57,907 INFO spawned: 'laravel-s-test' with pid 15
2021-05-12 13:59:57,940 INFO exited: laravel-s-test (exit status 1; not expected)
2021-05-12 13:59:59,959 INFO spawned: 'laravel-s-test' with pid 16
2021-05-12 13:59:59,993 INFO exited: laravel-s-test (exit status 1; not expected)
2021-05-12 14:00:03,004 INFO spawned: 'laravel-s-test' with pid 17
2021-05-12 14:00:03,038 INFO exited: laravel-s-test (exit status 1; not expected)
2021-05-12 14:00:04,044 INFO gave up: laravel-s-test entered FATAL state, too many start retries too quickly
2021-05-12 14:00:16,962 WARN received SIGQUIT indicating exit request
2021-05-12 14:00:16,963 INFO waiting for php to die
2021-05-12 14:00:17,972 INFO stopped: php (exit status 0)
2021-05-12 14:00:24,260 CRIT Supervisor is running as root.  Privileges were not dropped because no user is specified in the config file.  If you intend to run as root, you can set user=root in the config file to avoid this message.
2021-05-12 14:00:24,260 INFO Included extra file "/etc/supervisor/conf.d/phpSupervisord.conf" during parsing
2021-05-12 14:00:24,279 INFO RPC interface 'supervisor' initialized
2021-05-12 14:00:24,280 CRIT Server 'unix_http_server' running without any HTTP authentication checking
2021-05-12 14:00:24,281 INFO supervisord started with pid 1
2021-05-12 14:00:25,292 INFO spawned: 'php' with pid 10
2021-05-12 14:00:25,301 INFO spawned: 'laravel-s-test' with pid 11
2021-05-12 14:00:25,333 INFO exited: laravel-s-test (exit status 1; not expected)
2021-05-12 14:00:26,351 INFO success: php entered RUNNING state, process has stayed up for > than 1 seconds (startsecs)
2021-05-12 14:00:26,361 INFO spawned: 'laravel-s-test' with pid 14
2021-05-12 14:00:26,395 INFO exited: laravel-s-test (exit status 1; not expected)
2021-05-12 14:00:28,411 INFO spawned: 'laravel-s-test' with pid 15
2021-05-12 14:00:28,447 INFO exited: laravel-s-test (exit status 1; not expected)
2021-05-12 14:00:31,469 INFO spawned: 'laravel-s-test' with pid 16
2021-05-12 14:00:31,510 INFO exited: laravel-s-test (exit status 1; not expected)
2021-05-12 14:00:32,514 INFO gave up: laravel-s-test entered FATAL state, too many start retries too quickly
2021-05-12 14:08:03,654 INFO reaped unknown pid 73
2021-05-12 14:08:03,657 INFO reaped unknown pid 77
2021-05-12 14:08:03,668 INFO reaped unknown pid 74
2021-05-12 14:08:03,670 INFO reaped unknown pid 75
2021-05-12 14:08:03,671 INFO reaped unknown pid 76
2021-05-12 14:08:03,673 INFO reaped unknown pid 78
2021-05-12 14:08:03,674 INFO reaped unknown pid 79
2021-05-12 14:08:03,676 INFO reaped unknown pid 80
2021-05-12 14:08:03,679 INFO reaped unknown pid 81
2021-05-12 14:08:03,685 INFO reaped unknown pid 82
2021-05-12 14:08:03,687 INFO reaped unknown pid 83
2021-05-12 14:08:03,689 INFO reaped unknown pid 84
2021-05-12 14:08:03,690 INFO reaped unknown pid 85
2021-05-12 14:08:03,692 INFO reaped unknown pid 86
2021-05-12 14:08:03,695 INFO reaped unknown pid 87
2021-05-12 14:08:03,697 INFO reaped unknown pid 88
2021-05-12 14:08:03,699 INFO reaped unknown pid 68
2021-05-12 14:09:56,435 WARN received SIGQUIT indicating exit request
2021-05-12 14:09:56,438 INFO waiting for php to die
2021-05-12 14:09:57,449 INFO stopped: php (exit status 0)
2021-05-12 14:10:03,509 CRIT Supervisor is running as root.  Privileges were not dropped because no user is specified in the config file.  If you intend to run as root, you can set user=root in the config file to avoid this message.
2021-05-12 14:10:03,509 INFO Included extra file "/etc/supervisor/conf.d/phpSupervisord.conf" during parsing
2021-05-12 14:10:03,525 INFO RPC interface 'supervisor' initialized
2021-05-12 14:10:03,526 CRIT Server 'unix_http_server' running without any HTTP authentication checking
2021-05-12 14:10:03,527 INFO supervisord started with pid 1
2021-05-12 14:10:04,541 INFO spawned: 'php' with pid 9
2021-05-12 14:10:04,553 INFO spawned: 'laravel-s-test' with pid 10
2021-05-12 14:10:04,601 INFO exited: laravel-s-test (exit status 1; not expected)
2021-05-12 14:10:05,622 INFO success: php entered RUNNING state, process has stayed up for > than 1 seconds (startsecs)
2021-05-12 14:10:05,628 INFO spawned: 'laravel-s-test' with pid 13
2021-05-12 14:10:05,659 INFO exited: laravel-s-test (exit status 1; not expected)
2021-05-12 14:10:07,674 INFO spawned: 'laravel-s-test' with pid 14
2021-05-12 14:10:07,709 INFO exited: laravel-s-test (exit status 1; not expected)
2021-05-12 14:10:10,723 INFO spawned: 'laravel-s-test' with pid 15
2021-05-12 14:10:10,759 INFO exited: laravel-s-test (exit status 1; not expected)
2021-05-12 14:10:11,763 INFO gave up: laravel-s-test entered FATAL state, too many start retries too quickly
2021-05-12 14:31:43,678 WARN received SIGQUIT indicating exit request
2021-05-12 14:31:43,680 INFO waiting for php to die
2021-05-12 14:31:44,690 INFO stopped: php (exit status 0)
2021-05-12 14:31:50,686 CRIT Supervisor is running as root.  Privileges were not dropped because no user is specified in the config file.  If you intend to run as root, you can set user=root in the config file to avoid this message.
2021-05-12 14:31:50,687 INFO Included extra file "/etc/supervisor/conf.d/phpSupervisord.conf" during parsing
2021-05-12 14:31:50,703 INFO RPC interface 'supervisor' initialized
2021-05-12 14:31:50,703 CRIT Server 'unix_http_server' running without any HTTP authentication checking
2021-05-12 14:31:50,704 INFO supervisord started with pid 1
2021-05-12 14:31:51,712 INFO spawned: 'php' with pid 10
2021-05-12 14:31:51,719 INFO spawned: 'laravel-s-test' with pid 11
2021-05-12 14:31:51,765 INFO exited: laravel-s-test (exit status 1; not expected)
2021-05-12 14:31:52,783 INFO success: php entered RUNNING state, process has stayed up for > than 1 seconds (startsecs)
2021-05-12 14:31:52,791 INFO spawned: 'laravel-s-test' with pid 14
2021-05-12 14:31:52,827 INFO exited: laravel-s-test (exit status 1; not expected)
2021-05-12 14:31:54,841 INFO spawned: 'laravel-s-test' with pid 15
2021-05-12 14:31:54,875 INFO exited: laravel-s-test (exit status 1; not expected)
2021-05-12 14:31:57,891 INFO spawned: 'laravel-s-test' with pid 16
2021-05-12 14:31:57,925 INFO exited: laravel-s-test (exit status 1; not expected)
2021-05-12 14:31:58,927 INFO gave up: laravel-s-test entered FATAL state, too many start retries too quickly
2021-05-12 14:32:41,268 WARN received SIGQUIT indicating exit request
2021-05-12 14:32:41,270 INFO waiting for php to die
2021-05-12 14:32:42,289 INFO stopped: php (exit status 0)
2021-05-12 14:32:46,578 CRIT Supervisor is running as root.  Privileges were not dropped because no user is specified in the config file.  If you intend to run as root, you can set user=root in the config file to avoid this message.
2021-05-12 14:32:46,578 INFO Included extra file "/etc/supervisor/conf.d/phpSupervisord.conf" during parsing
2021-05-12 14:32:46,595 INFO RPC interface 'supervisor' initialized
2021-05-12 14:32:46,596 CRIT Server 'unix_http_server' running without any HTTP authentication checking
2021-05-12 14:32:46,597 INFO supervisord started with pid 1
2021-05-12 14:32:47,608 INFO spawned: 'php' with pid 10
2021-05-12 14:32:47,614 INFO spawned: 'laravel-s-test' with pid 11
2021-05-12 14:32:47,644 INFO exited: laravel-s-test (exit status 1; not expected)
2021-05-12 14:32:48,665 INFO success: php entered RUNNING state, process has stayed up for > than 1 seconds (startsecs)
2021-05-12 14:32:48,671 INFO spawned: 'laravel-s-test' with pid 14
2021-05-12 14:32:48,699 INFO exited: laravel-s-test (exit status 1; not expected)
2021-05-12 14:32:50,713 INFO spawned: 'laravel-s-test' with pid 15
2021-05-12 14:32:50,758 INFO exited: laravel-s-test (exit status 1; not expected)
2021-05-12 14:32:53,766 INFO spawned: 'laravel-s-test' with pid 16
2021-05-12 14:32:53,792 INFO exited: laravel-s-test (exit status 1; not expected)
2021-05-12 14:32:54,794 INFO gave up: laravel-s-test entered FATAL state, too many start retries too quickly
2021-05-12 14:34:25,788 WARN received SIGQUIT indicating exit request
2021-05-12 14:34:25,789 INFO waiting for php to die
2021-05-12 14:34:26,813 INFO stopped: php (exit status 0)
2021-05-12 14:34:32,411 CRIT Supervisor is running as root.  Privileges were not dropped because no user is specified in the config file.  If you intend to run as root, you can set user=root in the config file to avoid this message.
2021-05-12 14:34:32,411 INFO Included extra file "/etc/supervisor/conf.d/phpSupervisord.conf" during parsing
2021-05-12 14:34:32,430 INFO RPC interface 'supervisor' initialized
2021-05-12 14:34:32,431 CRIT Server 'unix_http_server' running without any HTTP authentication checking
2021-05-12 14:34:32,432 INFO supervisord started with pid 1
2021-05-12 14:34:33,442 INFO spawned: 'php' with pid 10
2021-05-12 14:34:33,453 INFO spawned: 'laravel-s-test' with pid 11
2021-05-12 14:34:33,491 INFO exited: laravel-s-test (exit status 1; not expected)
2021-05-12 14:34:34,517 INFO success: php entered RUNNING state, process has stayed up for > than 1 seconds (startsecs)
2021-05-12 14:34:34,525 INFO spawned: 'laravel-s-test' with pid 14
2021-05-12 14:34:34,557 INFO exited: laravel-s-test (exit status 1; not expected)
2021-05-12 14:34:36,570 INFO spawned: 'laravel-s-test' with pid 15
2021-05-12 14:34:36,605 INFO exited: laravel-s-test (exit status 1; not expected)
2021-05-12 14:34:39,622 INFO spawned: 'laravel-s-test' with pid 16
2021-05-12 14:34:39,658 INFO exited: laravel-s-test (exit status 1; not expected)
2021-05-12 14:34:40,661 INFO gave up: laravel-s-test entered FATAL state, too many start retries too quickly
2021-05-12 14:47:09,709 WARN received SIGQUIT indicating exit request
2021-05-12 14:47:09,710 INFO waiting for php to die
2021-05-12 14:47:10,722 INFO stopped: php (exit status 0)
2021-05-12 14:47:18,668 CRIT Supervisor is running as root.  Privileges were not dropped because no user is specified in the config file.  If you intend to run as root, you can set user=root in the config file to avoid this message.
2021-05-12 14:47:18,669 INFO Included extra file "/etc/supervisor/conf.d/phpSupervisord.conf" during parsing
2021-05-12 14:47:18,688 INFO RPC interface 'supervisor' initialized
2021-05-12 14:47:18,689 CRIT Server 'unix_http_server' running without any HTTP authentication checking
2021-05-12 14:47:18,690 INFO supervisord started with pid 1
2021-05-12 14:47:19,701 INFO spawned: 'php' with pid 9
2021-05-12 14:47:19,712 INFO spawned: 'laravel-s-test' with pid 10
2021-05-12 14:47:20,780 INFO success: php entered RUNNING state, process has stayed up for > than 1 seconds (startsecs)
2021-05-12 14:47:20,780 INFO success: laravel-s-test entered RUNNING state, process has stayed up for > than 1 seconds (startsecs)
2021-05-12 14:48:32,969 WARN received SIGQUIT indicating exit request
2021-05-12 14:48:32,970 INFO waiting for php, laravel-s-test to die
2021-05-12 14:48:33,015 INFO stopped: laravel-s-test (exit status 0)
2021-05-12 14:48:33,024 INFO stopped: php (exit status 0)
2021-05-12 14:48:42,030 CRIT Supervisor is running as root.  Privileges were not dropped because no user is specified in the config file.  If you intend to run as root, you can set user=root in the config file to avoid this message.
2021-05-12 14:48:42,031 INFO Included extra file "/etc/supervisor/conf.d/phpSupervisord.conf" during parsing
2021-05-12 14:48:42,048 INFO RPC interface 'supervisor' initialized
2021-05-12 14:48:42,049 CRIT Server 'unix_http_server' running without any HTTP authentication checking
2021-05-12 14:48:42,049 INFO supervisord started with pid 1
2021-05-12 14:48:43,057 INFO spawned: 'php' with pid 10
2021-05-12 14:48:43,063 INFO spawned: 'laravel-s-test' with pid 11
2021-05-12 14:48:44,124 INFO success: php entered RUNNING state, process has stayed up for > than 1 seconds (startsecs)
2021-05-12 14:48:44,125 INFO success: laravel-s-test entered RUNNING state, process has stayed up for > than 1 seconds (startsecs)
2021-05-12 14:53:48,263 WARN received SIGQUIT indicating exit request
2021-05-12 14:53:48,264 INFO waiting for php, laravel-s-test to die
2021-05-12 14:53:48,317 INFO stopped: laravel-s-test (exit status 0)
2021-05-12 14:53:48,329 INFO stopped: php (exit status 0)
2021-05-12 14:53:57,002 CRIT Supervisor is running as root.  Privileges were not dropped because no user is specified in the config file.  If you intend to run as root, you can set user=root in the config file to avoid this message.
2021-05-12 14:53:57,002 INFO Included extra file "/etc/supervisor/conf.d/phpSupervisord.conf" during parsing
2021-05-12 14:53:57,019 INFO RPC interface 'supervisor' initialized
2021-05-12 14:53:57,019 CRIT Server 'unix_http_server' running without any HTTP authentication checking
2021-05-12 14:53:57,020 INFO supervisord started with pid 1
2021-05-12 14:53:58,026 INFO spawned: 'php' with pid 9
2021-05-12 14:53:58,032 INFO spawned: 'laravel-s-test' with pid 10
2021-05-12 14:53:59,087 INFO success: php entered RUNNING state, process has stayed up for > than 1 seconds (startsecs)
2021-05-12 14:53:59,088 INFO success: laravel-s-test entered RUNNING state, process has stayed up for > than 1 seconds (startsecs)
2021-05-12 14:57:21,302 WARN received SIGQUIT indicating exit request
2021-05-12 14:57:21,304 INFO waiting for php, laravel-s-test to die
2021-05-12 14:57:21,322 INFO stopped: laravel-s-test (exit status 0)
2021-05-12 14:57:21,331 INFO stopped: php (exit status 0)
2021-05-12 14:57:30,220 CRIT Supervisor is running as root.  Privileges were not dropped because no user is specified in the config file.  If you intend to run as root, you can set user=root in the config file to avoid this message.
2021-05-12 14:57:30,221 INFO Included extra file "/etc/supervisor/conf.d/phpSupervisord.conf" during parsing
2021-05-12 14:57:30,236 INFO RPC interface 'supervisor' initialized
2021-05-12 14:57:30,237 CRIT Server 'unix_http_server' running without any HTTP authentication checking
2021-05-12 14:57:30,238 INFO supervisord started with pid 1
2021-05-12 14:57:31,212 INFO spawned: 'php' with pid 11
2021-05-12 14:57:31,223 INFO spawned: 'laravel-s-test' with pid 12
2021-05-12 14:57:32,274 INFO success: php entered RUNNING state, process has stayed up for > than 1 seconds (startsecs)
2021-05-12 14:57:32,275 INFO success: laravel-s-test entered RUNNING state, process has stayed up for > than 1 seconds (startsecs)
2021-05-12 14:59:33,186 WARN received SIGQUIT indicating exit request
2021-05-12 14:59:33,187 INFO waiting for php, laravel-s-test to die
2021-05-12 14:59:33,206 INFO stopped: laravel-s-test (exit status 0)
2021-05-12 14:59:33,213 INFO stopped: php (exit status 0)
2021-05-12 14:59:39,359 CRIT Supervisor is running as root.  Privileges were not dropped because no user is specified in the config file.  If you intend to run as root, you can set user=root in the config file to avoid this message.
2021-05-12 14:59:39,359 INFO Included extra file "/etc/supervisor/conf.d/phpSupervisord.conf" during parsing
2021-05-12 14:59:39,375 INFO RPC interface 'supervisor' initialized
2021-05-12 14:59:39,376 CRIT Server 'unix_http_server' running without any HTTP authentication checking
2021-05-12 14:59:39,377 INFO supervisord started with pid 1
2021-05-12 14:59:40,385 INFO spawned: 'php' with pid 9
2021-05-12 14:59:40,393 INFO spawned: 'laravel-s-test' with pid 10
2021-05-12 14:59:42,189 INFO success: php entered RUNNING state, process has stayed up for > than 1 seconds (startsecs)
2021-05-12 14:59:42,191 INFO success: laravel-s-test entered RUNNING state, process has stayed up for > than 1 seconds (startsecs)
2021-05-12 15:02:22,181 WARN received SIGQUIT indicating exit request
2021-05-12 15:02:22,182 INFO waiting for php, laravel-s-test to die
2021-05-12 15:02:22,204 INFO stopped: laravel-s-test (exit status 0)
2021-05-12 15:02:22,212 INFO stopped: php (exit status 0)
2021-05-12 15:02:54,943 CRIT Supervisor is running as root.  Privileges were not dropped because no user is specified in the config file.  If you intend to run as root, you can set user=root in the config file to avoid this message.
2021-05-12 15:02:54,943 INFO Included extra file "/etc/supervisor/conf.d/phpSupervisord.conf" during parsing
2021-05-12 15:02:54,959 INFO RPC interface 'supervisor' initialized
2021-05-12 15:02:54,960 CRIT Server 'unix_http_server' running without any HTTP authentication checking
2021-05-12 15:02:54,961 INFO supervisord started with pid 1
2021-05-12 15:02:55,973 INFO spawned: 'php' with pid 9
2021-05-12 15:02:55,982 INFO spawned: 'laravel-s-test' with pid 10
2021-05-12 15:02:57,034 INFO success: php entered RUNNING state, process has stayed up for > than 1 seconds (startsecs)
2021-05-12 15:02:57,035 INFO success: laravel-s-test entered RUNNING state, process has stayed up for > than 1 seconds (startsecs)
2021-05-12 15:34:50,063 WARN received SIGQUIT indicating exit request
2021-05-12 15:34:50,064 INFO waiting for php, laravel-s-test to die
2021-05-12 15:34:50,097 INFO stopped: laravel-s-test (exit status 0)
2021-05-12 15:34:50,110 INFO stopped: php (exit status 0)
2021-05-12 15:34:55,408 CRIT Supervisor is running as root.  Privileges were not dropped because no user is specified in the config file.  If you intend to run as root, you can set user=root in the config file to avoid this message.
2021-05-12 15:34:55,409 INFO Included extra file "/etc/supervisor/conf.d/phpSupervisord.conf" during parsing
2021-05-12 15:34:55,426 INFO RPC interface 'supervisor' initialized
2021-05-12 15:34:55,428 CRIT Server 'unix_http_server' running without any HTTP authentication checking
2021-05-12 15:34:55,429 INFO supervisord started with pid 1
2021-05-12 15:34:56,433 INFO spawned: 'php' with pid 11
2021-05-12 15:34:56,437 INFO spawned: 'laravel-s-test' with pid 12
2021-05-12 15:34:57,502 INFO success: php entered RUNNING state, process has stayed up for > than 1 seconds (startsecs)
2021-05-12 15:34:57,502 INFO success: laravel-s-test entered RUNNING state, process has stayed up for > than 1 seconds (startsecs)
2021-05-12 17:24:22,668 WARN received SIGQUIT indicating exit request
2021-05-12 17:24:22,670 INFO waiting for php, laravel-s-test to die
2021-05-12 17:24:22,695 INFO stopped: laravel-s-test (exit status 0)
2021-05-12 17:24:22,706 INFO stopped: php (exit status 0)
2021-05-12 17:24:25,980 CRIT Supervisor is running as root.  Privileges were not dropped because no user is specified in the config file.  If you intend to run as root, you can set user=root in the config file to avoid this message.
2021-05-12 17:24:25,981 INFO Included extra file "/etc/supervisor/conf.d/phpSupervisord.conf" during parsing
2021-05-12 17:24:25,999 INFO RPC interface 'supervisor' initialized
2021-05-12 17:24:26,004 CRIT Server 'unix_http_server' running without any HTTP authentication checking
2021-05-12 17:24:26,005 INFO supervisord started with pid 1
2021-05-12 17:24:27,009 INFO spawned: 'php' with pid 9
2021-05-12 17:24:27,016 INFO spawned: 'laravel-s-test' with pid 10
2021-05-12 17:24:28,102 INFO success: php entered RUNNING state, process has stayed up for > than 1 seconds (startsecs)
2021-05-12 17:24:28,105 INFO success: laravel-s-test entered RUNNING state, process has stayed up for > than 1 seconds (startsecs)
2021-05-12 17:28:54,377 WARN received SIGQUIT indicating exit request
2021-05-12 17:28:54,378 INFO waiting for php, laravel-s-test to die
2021-05-12 17:28:54,401 INFO stopped: laravel-s-test (exit status 0)
2021-05-12 17:28:54,409 INFO stopped: php (exit status 0)
2021-05-12 17:28:56,632 CRIT Supervisor is running as root.  Privileges were not dropped because no user is specified in the config file.  If you intend to run as root, you can set user=root in the config file to avoid this message.
2021-05-12 17:28:56,633 INFO Included extra file "/etc/supervisor/conf.d/phpSupervisord.conf" during parsing
2021-05-12 17:28:56,650 INFO RPC interface 'supervisor' initialized
2021-05-12 17:28:56,651 CRIT Server 'unix_http_server' running without any HTTP authentication checking
2021-05-12 17:28:56,652 INFO supervisord started with pid 1
2021-05-12 17:28:57,663 INFO spawned: 'php' with pid 9
2021-05-12 17:28:57,671 INFO spawned: 'laravel-s-test' with pid 10
2021-05-12 17:28:59,523 INFO success: php entered RUNNING state, process has stayed up for > than 1 seconds (startsecs)
2021-05-12 17:28:59,528 INFO success: laravel-s-test entered RUNNING state, process has stayed up for > than 1 seconds (startsecs)
2021-05-12 17:44:28,252 WARN received SIGQUIT indicating exit request
2021-05-12 17:44:28,254 INFO waiting for php, laravel-s-test to die
2021-05-12 17:44:28,275 INFO stopped: laravel-s-test (exit status 0)
2021-05-12 17:44:28,282 INFO stopped: php (exit status 0)
2021-05-12 17:44:30,588 CRIT Supervisor is running as root.  Privileges were not dropped because no user is specified in the config file.  If you intend to run as root, you can set user=root in the config file to avoid this message.
2021-05-12 17:44:30,589 INFO Included extra file "/etc/supervisor/conf.d/phpSupervisord.conf" during parsing
2021-05-12 17:44:30,605 INFO RPC interface 'supervisor' initialized
2021-05-12 17:44:30,606 CRIT Server 'unix_http_server' running without any HTTP authentication checking
2021-05-12 17:44:30,607 INFO supervisord started with pid 1
2021-05-12 17:44:31,619 INFO spawned: 'php' with pid 11
2021-05-12 17:44:31,629 INFO spawned: 'laravel-s-test' with pid 12
2021-05-12 17:44:32,682 INFO success: php entered RUNNING state, process has stayed up for > than 1 seconds (startsecs)
2021-05-12 17:44:32,683 INFO success: laravel-s-test entered RUNNING state, process has stayed up for > than 1 seconds (startsecs)
2021-05-12 17:47:33,539 WARN received SIGQUIT indicating exit request
2021-05-12 17:47:33,540 INFO waiting for php, laravel-s-test to die
2021-05-12 17:47:33,562 INFO stopped: laravel-s-test (exit status 0)
2021-05-12 17:47:33,569 INFO stopped: php (exit status 0)
2021-05-12 17:48:01,619 CRIT Supervisor is running as root.  Privileges were not dropped because no user is specified in the config file.  If you intend to run as root, you can set user=root in the config file to avoid this message.
2021-05-12 17:48:01,619 INFO Included extra file "/etc/supervisor/conf.d/phpSupervisord.conf" during parsing
2021-05-12 17:48:01,637 INFO RPC interface 'supervisor' initialized
2021-05-12 17:48:01,638 CRIT Server 'unix_http_server' running without any HTTP authentication checking
2021-05-12 17:48:01,639 INFO supervisord started with pid 1
2021-05-12 17:48:02,644 INFO spawned: 'php' with pid 11
2021-05-12 17:48:02,651 INFO spawned: 'laravel-s-test' with pid 12
2021-05-12 17:48:03,717 INFO success: php entered RUNNING state, process has stayed up for > than 1 seconds (startsecs)
2021-05-12 17:48:03,720 INFO success: laravel-s-test entered RUNNING state, process has stayed up for > than 1 seconds (startsecs)
2021-05-12 18:03:55,795 WARN received SIGQUIT indicating exit request
2021-05-12 18:03:55,796 INFO waiting for php, laravel-s-test to die
2021-05-12 18:03:55,816 INFO stopped: laravel-s-test (exit status 0)
2021-05-12 18:03:55,824 INFO stopped: php (exit status 0)
2021-05-12 18:04:05,243 CRIT Supervisor is running as root.  Privileges were not dropped because no user is specified in the config file.  If you intend to run as root, you can set user=root in the config file to avoid this message.
2021-05-12 18:04:05,243 INFO Included extra file "/etc/supervisor/conf.d/phpSupervisord.conf" during parsing
2021-05-12 18:04:05,258 INFO RPC interface 'supervisor' initialized
2021-05-12 18:04:05,259 CRIT Server 'unix_http_server' running without any HTTP authentication checking
2021-05-12 18:04:05,260 INFO supervisord started with pid 1
2021-05-12 18:04:06,266 INFO spawned: 'php' with pid 10
2021-05-12 18:04:06,277 INFO spawned: 'laravel-s-test' with pid 11
2021-05-12 18:04:07,326 INFO success: php entered RUNNING state, process has stayed up for > than 1 seconds (startsecs)
2021-05-12 18:04:07,327 INFO success: laravel-s-test entered RUNNING state, process has stayed up for > than 1 seconds (startsecs)
2021-05-12 18:04:51,971 WARN received SIGQUIT indicating exit request
2021-05-12 18:04:51,972 INFO waiting for php, laravel-s-test to die
2021-05-12 18:04:52,002 INFO stopped: laravel-s-test (exit status 0)
2021-05-12 18:04:52,012 INFO stopped: php (exit status 0)
2021-05-12 18:04:54,287 CRIT Supervisor is running as root.  Privileges were not dropped because no user is specified in the config file.  If you intend to run as root, you can set user=root in the config file to avoid this message.
2021-05-12 18:04:54,288 INFO Included extra file "/etc/supervisor/conf.d/phpSupervisord.conf" during parsing
2021-05-12 18:04:54,303 INFO RPC interface 'supervisor' initialized
2021-05-12 18:04:54,304 CRIT Server 'unix_http_server' running without any HTTP authentication checking
2021-05-12 18:04:54,305 INFO supervisord started with pid 1
2021-05-12 18:04:55,314 INFO spawned: 'php' with pid 9
2021-05-12 18:04:55,323 INFO spawned: 'laravel-s-test' with pid 10
2021-05-12 18:04:57,126 INFO success: php entered RUNNING state, process has stayed up for > than 1 seconds (startsecs)
2021-05-12 18:04:57,127 INFO success: laravel-s-test entered RUNNING state, process has stayed up for > than 1 seconds (startsecs)
2021-05-13 11:29:56,111 CRIT Supervisor is running as root.  Privileges were not dropped because no user is specified in the config file.  If you intend to run as root, you can set user=root in the config file to avoid this message.
2021-05-13 11:29:56,111 INFO Included extra file "/etc/supervisor/conf.d/phpSupervisord.conf" during parsing
2021-05-13 11:29:56,128 INFO RPC interface 'supervisor' initialized
2021-05-13 11:29:56,129 CRIT Server 'unix_http_server' running without any HTTP authentication checking
2021-05-13 11:29:56,129 INFO supervisord started with pid 1
2021-05-13 11:29:57,136 INFO spawned: 'php' with pid 9
2021-05-13 11:29:57,146 INFO spawned: 'laravel-s-test' with pid 10
2021-05-13 11:29:58,361 INFO success: php entered RUNNING state, process has stayed up for > than 1 seconds (startsecs)
2021-05-13 11:29:58,364 INFO success: laravel-s-test entered RUNNING state, process has stayed up for > than 1 seconds (startsecs)
2021-05-13 11:46:59,924 WARN received SIGQUIT indicating exit request
2021-05-13 11:46:59,925 INFO waiting for php, laravel-s-test to die
2021-05-13 11:46:59,949 INFO stopped: laravel-s-test (exit status 0)
2021-05-13 11:46:59,961 INFO stopped: php (exit status 0)
2021-05-13 11:47:03,199 CRIT Supervisor is running as root.  Privileges were not dropped because no user is specified in the config file.  If you intend to run as root, you can set user=root in the config file to avoid this message.
2021-05-13 11:47:03,199 INFO Included extra file "/etc/supervisor/conf.d/phpSupervisord.conf" during parsing
2021-05-13 11:47:03,226 INFO RPC interface 'supervisor' initialized
2021-05-13 11:47:03,227 CRIT Server 'unix_http_server' running without any HTTP authentication checking
2021-05-13 11:47:03,229 INFO supervisord started with pid 1
2021-05-13 11:47:04,233 INFO spawned: 'php' with pid 10
2021-05-13 11:47:04,240 INFO spawned: 'laravel-s-test' with pid 11
2021-05-13 11:47:05,312 INFO success: php entered RUNNING state, process has stayed up for > than 1 seconds (startsecs)
2021-05-13 11:47:05,313 INFO success: laravel-s-test entered RUNNING state, process has stayed up for > than 1 seconds (startsecs)
2021-05-13 11:48:48,922 WARN received SIGQUIT indicating exit request
2021-05-13 11:48:48,923 INFO waiting for php, laravel-s-test to die
2021-05-13 11:48:48,943 INFO stopped: laravel-s-test (exit status 0)
2021-05-13 11:48:48,955 INFO stopped: php (exit status 0)
2021-05-13 11:48:51,272 CRIT Supervisor is running as root.  Privileges were not dropped because no user is specified in the config file.  If you intend to run as root, you can set user=root in the config file to avoid this message.
2021-05-13 11:48:51,273 INFO Included extra file "/etc/supervisor/conf.d/phpSupervisord.conf" during parsing
2021-05-13 11:48:51,286 INFO RPC interface 'supervisor' initialized
2021-05-13 11:48:51,287 CRIT Server 'unix_http_server' running without any HTTP authentication checking
2021-05-13 11:48:51,288 INFO supervisord started with pid 1
2021-05-13 11:48:52,295 INFO spawned: 'php' with pid 12
2021-05-13 11:48:52,303 INFO spawned: 'laravel-s-test' with pid 13
2021-05-13 11:48:54,038 INFO success: php entered RUNNING state, process has stayed up for > than 1 seconds (startsecs)
2021-05-13 11:48:54,039 INFO success: laravel-s-test entered RUNNING state, process has stayed up for > than 1 seconds (startsecs)
2021-05-13 11:49:58,912 WARN received SIGQUIT indicating exit request
2021-05-13 11:49:58,913 INFO waiting for php, laravel-s-test to die
2021-05-13 11:49:58,939 INFO stopped: laravel-s-test (exit status 0)
2021-05-13 11:49:58,945 INFO stopped: php (exit status 0)
2021-05-13 11:50:01,220 CRIT Supervisor is running as root.  Privileges were not dropped because no user is specified in the config file.  If you intend to run as root, you can set user=root in the config file to avoid this message.
2021-05-13 11:50:01,220 INFO Included extra file "/etc/supervisor/conf.d/phpSupervisord.conf" during parsing
2021-05-13 11:50:01,233 INFO RPC interface 'supervisor' initialized
2021-05-13 11:50:01,234 CRIT Server 'unix_http_server' running without any HTTP authentication checking
2021-05-13 11:50:01,235 INFO supervisord started with pid 1
2021-05-13 11:50:02,242 INFO spawned: 'php' with pid 9
2021-05-13 11:50:02,249 INFO spawned: 'laravel-s-test' with pid 10
2021-05-13 11:50:04,124 INFO success: php entered RUNNING state, process has stayed up for > than 1 seconds (startsecs)
2021-05-13 11:50:04,126 INFO success: laravel-s-test entered RUNNING state, process has stayed up for > than 1 seconds (startsecs)
2021-05-13 13:45:27,933 WARN received SIGQUIT indicating exit request
2021-05-13 13:45:27,935 INFO waiting for php, laravel-s-test to die
2021-05-13 13:45:27,971 INFO stopped: laravel-s-test (exit status 0)
2021-05-13 13:45:27,981 INFO stopped: php (exit status 0)
2021-05-13 13:45:30,926 CRIT Supervisor is running as root.  Privileges were not dropped because no user is specified in the config file.  If you intend to run as root, you can set user=root in the config file to avoid this message.
2021-05-13 13:45:30,927 INFO Included extra file "/etc/supervisor/conf.d/phpSupervisord.conf" during parsing
2021-05-13 13:45:30,942 INFO RPC interface 'supervisor' initialized
2021-05-13 13:45:30,944 CRIT Server 'unix_http_server' running without any HTTP authentication checking
2021-05-13 13:45:30,945 INFO supervisord started with pid 1
2021-05-13 13:45:31,951 INFO spawned: 'php' with pid 10
2021-05-13 13:45:31,960 INFO spawned: 'laravel-s-test' with pid 11
2021-05-13 13:45:33,018 INFO success: php entered RUNNING state, process has stayed up for > than 1 seconds (startsecs)
2021-05-13 13:45:33,018 INFO success: laravel-s-test entered RUNNING state, process has stayed up for > than 1 seconds (startsecs)
2021-05-13 13:46:27,592 WARN received SIGQUIT indicating exit request
2021-05-13 13:46:27,594 INFO waiting for php, laravel-s-test to die
2021-05-13 13:46:27,616 INFO stopped: laravel-s-test (exit status 0)
2021-05-13 13:46:27,626 INFO stopped: php (exit status 0)
2021-05-13 13:46:29,891 CRIT Supervisor is running as root.  Privileges were not dropped because no user is specified in the config file.  If you intend to run as root, you can set user=root in the config file to avoid this message.
2021-05-13 13:46:29,891 INFO Included extra file "/etc/supervisor/conf.d/phpSupervisord.conf" during parsing
2021-05-13 13:46:29,907 INFO RPC interface 'supervisor' initialized
2021-05-13 13:46:29,908 CRIT Server 'unix_http_server' running without any HTTP authentication checking
2021-05-13 13:46:29,908 INFO supervisord started with pid 1
2021-05-13 13:46:30,916 INFO spawned: 'php' with pid 10
2021-05-13 13:46:30,922 INFO spawned: 'laravel-s-test' with pid 11
2021-05-13 13:46:32,623 INFO success: php entered RUNNING state, process has stayed up for > than 1 seconds (startsecs)
2021-05-13 13:46:32,625 INFO success: laravel-s-test entered RUNNING state, process has stayed up for > than 1 seconds (startsecs)
2021-05-13 13:50:44,226 WARN received SIGQUIT indicating exit request
2021-05-13 13:50:44,227 INFO waiting for php, laravel-s-test to die
2021-05-13 13:50:44,247 INFO stopped: laravel-s-test (exit status 0)
2021-05-13 13:50:44,254 INFO stopped: php (exit status 0)
2021-05-13 13:50:46,557 CRIT Supervisor is running as root.  Privileges were not dropped because no user is specified in the config file.  If you intend to run as root, you can set user=root in the config file to avoid this message.
2021-05-13 13:50:46,557 INFO Included extra file "/etc/supervisor/conf.d/phpSupervisord.conf" during parsing
2021-05-13 13:50:46,573 INFO RPC interface 'supervisor' initialized
2021-05-13 13:50:46,574 CRIT Server 'unix_http_server' running without any HTTP authentication checking
2021-05-13 13:50:46,575 INFO supervisord started with pid 1
2021-05-13 13:50:47,581 INFO spawned: 'php' with pid 10
2021-05-13 13:50:47,588 INFO spawned: 'laravel-s-test' with pid 11
2021-05-13 13:50:49,383 INFO success: php entered RUNNING state, process has stayed up for > than 1 seconds (startsecs)
2021-05-13 13:50:49,384 INFO success: laravel-s-test entered RUNNING state, process has stayed up for > than 1 seconds (startsecs)
2021-05-13 13:55:16,123 WARN received SIGQUIT indicating exit request
2021-05-13 13:55:16,124 INFO waiting for php, laravel-s-test to die
2021-05-13 13:55:16,151 INFO stopped: laravel-s-test (exit status 0)
2021-05-13 13:55:16,160 INFO stopped: php (exit status 0)
2021-05-13 13:55:19,066 CRIT Supervisor is running as root.  Privileges were not dropped because no user is specified in the config file.  If you intend to run as root, you can set user=root in the config file to avoid this message.
2021-05-13 13:55:19,066 INFO Included extra file "/etc/supervisor/conf.d/phpSupervisord.conf" during parsing
2021-05-13 13:55:19,086 INFO RPC interface 'supervisor' initialized
2021-05-13 13:55:19,087 CRIT Server 'unix_http_server' running without any HTTP authentication checking
2021-05-13 13:55:19,088 INFO supervisord started with pid 1
2021-05-13 13:55:20,092 INFO spawned: 'php' with pid 10
2021-05-13 13:55:20,099 INFO spawned: 'laravel-s-test' with pid 11
2021-05-13 13:55:21,146 INFO success: php entered RUNNING state, process has stayed up for > than 1 seconds (startsecs)
2021-05-13 13:55:21,146 INFO success: laravel-s-test entered RUNNING state, process has stayed up for > than 1 seconds (startsecs)
2021-05-13 14:09:07,181 WARN received SIGQUIT indicating exit request
2021-05-13 14:09:07,182 INFO waiting for php, laravel-s-test to die
2021-05-13 14:09:07,200 INFO stopped: laravel-s-test (exit status 0)
2021-05-13 14:09:07,210 INFO stopped: php (exit status 0)
2021-05-13 14:09:10,182 CRIT Supervisor is running as root.  Privileges were not dropped because no user is specified in the config file.  If you intend to run as root, you can set user=root in the config file to avoid this message.
2021-05-13 14:09:10,184 INFO Included extra file "/etc/supervisor/conf.d/phpSupervisord.conf" during parsing
2021-05-13 14:09:10,204 INFO RPC interface 'supervisor' initialized
2021-05-13 14:09:10,205 CRIT Server 'unix_http_server' running without any HTTP authentication checking
2021-05-13 14:09:10,206 INFO supervisord started with pid 1
2021-05-13 14:09:11,213 INFO spawned: 'php' with pid 9
2021-05-13 14:09:11,220 INFO spawned: 'laravel-s-test' with pid 10
2021-05-13 14:09:11,636 INFO exited: laravel-s-test (exit status 255; not expected)
2021-05-13 14:09:12,617 INFO success: php entered RUNNING state, process has stayed up for > than 1 seconds (startsecs)
2021-05-13 14:09:13,622 INFO spawned: 'laravel-s-test' with pid 20
2021-05-13 14:09:13,902 INFO exited: laravel-s-test (exit status 255; not expected)
2021-05-13 14:09:15,912 INFO spawned: 'laravel-s-test' with pid 28
2021-05-13 14:09:16,110 INFO exited: laravel-s-test (exit status 255; not expected)
2021-05-13 14:09:19,123 INFO spawned: 'laravel-s-test' with pid 36
2021-05-13 14:09:19,333 INFO exited: laravel-s-test (exit status 255; not expected)
2021-05-13 14:09:20,336 INFO gave up: laravel-s-test entered FATAL state, too many start retries too quickly
2021-05-13 15:48:00,055 WARN received SIGQUIT indicating exit request
2021-05-13 15:48:00,057 INFO waiting for php to die
2021-05-13 15:48:01,075 INFO stopped: php (exit status 0)
2021-05-13 15:48:03,964 CRIT Supervisor is running as root.  Privileges were not dropped because no user is specified in the config file.  If you intend to run as root, you can set user=root in the config file to avoid this message.
2021-05-13 15:48:03,965 INFO Included extra file "/etc/supervisor/conf.d/phpSupervisord.conf" during parsing
2021-05-13 15:48:03,983 INFO RPC interface 'supervisor' initialized
2021-05-13 15:48:03,984 CRIT Server 'unix_http_server' running without any HTTP authentication checking
2021-05-13 15:48:03,985 INFO supervisord started with pid 1
2021-05-13 15:48:04,989 INFO spawned: 'php' with pid 9
2021-05-13 15:48:04,998 INFO spawned: 'laravel-s-test' with pid 10
2021-05-13 15:48:06,048 INFO success: php entered RUNNING state, process has stayed up for > than 1 seconds (startsecs)
2021-05-13 15:48:06,048 INFO success: laravel-s-test entered RUNNING state, process has stayed up for > than 1 seconds (startsecs)
2021-05-13 17:07:45,496 WARN received SIGQUIT indicating exit request
2021-05-13 17:07:45,498 INFO waiting for php, laravel-s-test to die
2021-05-13 17:07:45,520 INFO stopped: laravel-s-test (exit status 0)
2021-05-13 17:07:45,531 INFO stopped: php (exit status 0)
2021-05-13 17:07:47,856 CRIT Supervisor is running as root.  Privileges were not dropped because no user is specified in the config file.  If you intend to run as root, you can set user=root in the config file to avoid this message.
2021-05-13 17:07:47,856 INFO Included extra file "/etc/supervisor/conf.d/phpSupervisord.conf" during parsing
2021-05-13 17:07:47,873 INFO RPC interface 'supervisor' initialized
2021-05-13 17:07:47,874 CRIT Server 'unix_http_server' running without any HTTP authentication checking
2021-05-13 17:07:47,875 INFO supervisord started with pid 1
2021-05-13 17:07:48,887 INFO spawned: 'php' with pid 10
2021-05-13 17:07:48,897 INFO spawned: 'laravel-s-test' with pid 11
2021-05-13 17:07:49,567 INFO exited: laravel-s-test (exit status 1; not expected)
2021-05-13 17:07:50,569 INFO success: php entered RUNNING state, process has stayed up for > than 1 seconds (startsecs)
2021-05-13 17:07:50,578 INFO spawned: 'laravel-s-test' with pid 21
2021-05-13 17:07:51,132 INFO exited: laravel-s-test (exit status 1; not expected)
2021-05-13 17:07:53,145 INFO spawned: 'laravel-s-test' with pid 29
2021-05-13 17:07:53,688 INFO exited: laravel-s-test (exit status 1; not expected)
2021-05-13 17:07:56,697 INFO spawned: 'laravel-s-test' with pid 37
2021-05-13 17:07:57,277 INFO exited: laravel-s-test (exit status 1; not expected)
2021-05-13 17:07:58,279 INFO gave up: laravel-s-test entered FATAL state, too many start retries too quickly
2021-05-14 10:08:07,561 CRIT Supervisor is running as root.  Privileges were not dropped because no user is specified in the config file.  If you intend to run as root, you can set user=root in the config file to avoid this message.
2021-05-14 10:08:07,562 INFO Included extra file "/etc/supervisor/conf.d/phpSupervisord.conf" during parsing
2021-05-14 10:08:07,584 INFO RPC interface 'supervisor' initialized
2021-05-14 10:08:07,585 CRIT Server 'unix_http_server' running without any HTTP authentication checking
2021-05-14 10:08:07,586 INFO supervisord started with pid 1
2021-05-14 10:08:08,591 INFO spawned: 'php' with pid 10
2021-05-14 10:08:08,595 INFO spawned: 'laravel-s-test' with pid 11
2021-05-14 10:08:09,842 INFO success: php entered RUNNING state, process has stayed up for > than 1 seconds (startsecs)
2021-05-14 10:08:09,843 INFO success: laravel-s-test entered RUNNING state, process has stayed up for > than 1 seconds (startsecs)
2021-05-14 10:08:10,921 INFO exited: laravel-s-test (exit status 1; not expected)
2021-05-14 10:08:11,931 INFO spawned: 'laravel-s-test' with pid 21
2021-05-14 10:08:12,934 INFO success: laravel-s-test entered RUNNING state, process has stayed up for > than 1 seconds (startsecs)
2021-05-14 10:08:12,996 INFO exited: laravel-s-test (exit status 1; not expected)
2021-05-14 10:08:14,000 INFO spawned: 'laravel-s-test' with pid 29
2021-05-14 10:08:14,671 INFO exited: laravel-s-test (exit status 1; not expected)
2021-05-14 10:08:15,676 INFO spawned: 'laravel-s-test' with pid 37
2021-05-14 10:08:16,340 INFO exited: laravel-s-test (exit status 1; not expected)
2021-05-14 10:08:18,349 INFO spawned: 'laravel-s-test' with pid 45
2021-05-14 10:08:19,350 INFO success: laravel-s-test entered RUNNING state, process has stayed up for > than 1 seconds (startsecs)
2021-05-14 10:08:20,091 INFO exited: laravel-s-test (exit status 1; not expected)
2021-05-14 10:08:21,097 INFO spawned: 'laravel-s-test' with pid 53
2021-05-14 10:08:22,099 INFO success: laravel-s-test entered RUNNING state, process has stayed up for > than 1 seconds (startsecs)
2021-05-14 10:08:22,652 INFO exited: laravel-s-test (exit status 1; not expected)
2021-05-14 10:08:23,661 INFO spawned: 'laravel-s-test' with pid 61
2021-05-14 10:08:24,297 INFO exited: laravel-s-test (exit status 1; not expected)
2021-05-14 10:08:26,123 INFO spawned: 'laravel-s-test' with pid 69
2021-05-14 10:08:26,773 INFO exited: laravel-s-test (exit status 1; not expected)
2021-05-14 10:08:28,782 INFO spawned: 'laravel-s-test' with pid 77
2021-05-14 10:08:29,500 INFO exited: laravel-s-test (exit status 1; not expected)
2021-05-14 10:08:33,486 INFO spawned: 'laravel-s-test' with pid 85
2021-05-14 10:08:34,126 INFO exited: laravel-s-test (exit status 1; not expected)
2021-05-14 10:08:35,129 INFO gave up: laravel-s-test entered FATAL state, too many start retries too quickly
2021-05-14 10:12:32,909 WARN received SIGQUIT indicating exit request
2021-05-14 10:12:32,913 INFO waiting for php to die
2021-05-14 10:12:33,928 INFO stopped: php (exit status 0)
2021-05-14 10:12:37,105 CRIT Supervisor is running as root.  Privileges were not dropped because no user is specified in the config file.  If you intend to run as root, you can set user=root in the config file to avoid this message.
2021-05-14 10:12:37,106 INFO Included extra file "/etc/supervisor/conf.d/phpSupervisord.conf" during parsing
2021-05-14 10:12:37,128 INFO RPC interface 'supervisor' initialized
2021-05-14 10:12:37,129 CRIT Server 'unix_http_server' running without any HTTP authentication checking
2021-05-14 10:12:37,130 INFO supervisord started with pid 1
2021-05-14 10:12:38,136 INFO spawned: 'php' with pid 10
2021-05-14 10:12:38,143 INFO spawned: 'laravel-s-test' with pid 11
2021-05-14 10:12:39,236 INFO success: php entered RUNNING state, process has stayed up for > than 1 seconds (startsecs)
2021-05-14 10:12:39,236 INFO success: laravel-s-test entered RUNNING state, process has stayed up for > than 1 seconds (startsecs)
2021-05-14 10:18:01,509 WARN received SIGQUIT indicating exit request
2021-05-14 10:18:01,511 INFO waiting for php, laravel-s-test to die
2021-05-14 10:18:01,531 INFO stopped: laravel-s-test (exit status 0)
2021-05-14 10:18:01,542 INFO stopped: php (exit status 0)
2021-05-14 10:18:04,597 CRIT Supervisor is running as root.  Privileges were not dropped because no user is specified in the config file.  If you intend to run as root, you can set user=root in the config file to avoid this message.
2021-05-14 10:18:04,598 INFO Included extra file "/etc/supervisor/conf.d/phpSupervisord.conf" during parsing
2021-05-14 10:18:04,620 INFO RPC interface 'supervisor' initialized
2021-05-14 10:18:04,620 CRIT Server 'unix_http_server' running without any HTTP authentication checking
2021-05-14 10:18:04,621 INFO supervisord started with pid 1
2021-05-14 10:18:05,626 INFO spawned: 'php' with pid 10
2021-05-14 10:18:05,631 INFO spawned: 'laravel-s-test' with pid 11
2021-05-14 10:18:06,685 INFO success: php entered RUNNING state, process has stayed up for > than 1 seconds (startsecs)
2021-05-14 10:18:06,687 INFO success: laravel-s-test entered RUNNING state, process has stayed up for > than 1 seconds (startsecs)
2021-05-14 13:47:53,204 WARN received SIGQUIT indicating exit request
2021-05-14 13:47:53,207 INFO waiting for php, laravel-s-test to die
2021-05-14 13:47:53,255 INFO stopped: laravel-s-test (exit status 0)
2021-05-14 13:47:53,277 INFO stopped: php (exit status 0)
2021-05-14 13:48:06,216 CRIT Supervisor is running as root.  Privileges were not dropped because no user is specified in the config file.  If you intend to run as root, you can set user=root in the config file to avoid this message.
2021-05-14 13:48:06,217 INFO Included extra file "/etc/supervisor/conf.d/phpSupervisord.conf" during parsing
2021-05-14 13:48:06,235 INFO RPC interface 'supervisor' initialized
2021-05-14 13:48:06,236 CRIT Server 'unix_http_server' running without any HTTP authentication checking
2021-05-14 13:48:06,237 INFO supervisord started with pid 1
2021-05-14 13:48:07,242 INFO spawned: 'php' with pid 10
2021-05-14 13:48:07,248 INFO spawned: 'laravel-s-test' with pid 11
2021-05-14 13:48:08,324 INFO success: php entered RUNNING state, process has stayed up for > than 1 seconds (startsecs)
2021-05-14 13:48:08,325 INFO success: laravel-s-test entered RUNNING state, process has stayed up for > than 1 seconds (startsecs)
2021-05-14 13:48:09,064 INFO exited: laravel-s-test (exit status 1; not expected)
2021-05-14 13:48:10,077 INFO spawned: 'laravel-s-test' with pid 21
2021-05-14 13:48:12,088 INFO success: laravel-s-test entered RUNNING state, process has stayed up for > than 1 seconds (startsecs)
2021-05-14 13:48:12,132 INFO exited: laravel-s-test (exit status 1; not expected)
2021-05-14 13:48:12,157 INFO spawned: 'laravel-s-test' with pid 29
2021-05-14 13:48:12,158 WARN received SIGQUIT indicating exit request
2021-05-14 13:48:12,162 INFO waiting for php, laravel-s-test to die
2021-05-14 13:48:12,834 INFO stopped: laravel-s-test (exit status 1)
2021-05-14 13:48:12,844 INFO stopped: php (exit status 0)
2021-05-14 13:48:20,182 CRIT Supervisor is running as root.  Privileges were not dropped because no user is specified in the config file.  If you intend to run as root, you can set user=root in the config file to avoid this message.
2021-05-14 13:48:20,183 INFO Included extra file "/etc/supervisor/conf.d/phpSupervisord.conf" during parsing
2021-05-14 13:48:20,199 INFO RPC interface 'supervisor' initialized
2021-05-14 13:48:20,199 CRIT Server 'unix_http_server' running without any HTTP authentication checking
2021-05-14 13:48:20,200 INFO supervisord started with pid 1
2021-05-14 13:48:21,204 INFO spawned: 'php' with pid 9
2021-05-14 13:48:21,211 INFO spawned: 'laravel-s-test' with pid 10
2021-05-14 13:48:22,264 INFO success: php entered RUNNING state, process has stayed up for > than 1 seconds (startsecs)
2021-05-14 13:48:22,265 INFO success: laravel-s-test entered RUNNING state, process has stayed up for > than 1 seconds (startsecs)
2021-05-14 13:48:22,868 INFO exited: laravel-s-test (exit status 1; not expected)
2021-05-14 13:48:23,877 INFO spawned: 'laravel-s-test' with pid 20
2021-05-14 13:48:24,869 INFO exited: laravel-s-test (exit status 1; not expected)
2021-05-14 13:48:25,879 INFO spawned: 'laravel-s-test' with pid 28
2021-05-14 13:48:26,532 INFO exited: laravel-s-test (exit status 1; not expected)
2021-05-14 13:48:29,508 INFO spawned: 'laravel-s-test' with pid 36
2021-05-14 13:48:30,165 INFO exited: laravel-s-test (exit status 1; not expected)
2021-05-14 13:48:33,180 INFO spawned: 'laravel-s-test' with pid 44
2021-05-14 13:48:33,833 INFO exited: laravel-s-test (exit status 1; not expected)
2021-05-14 13:48:34,838 INFO gave up: laravel-s-test entered FATAL state, too many start retries too quickly
2021-05-14 20:52:26,344 WARN received SIGTERM indicating exit request
2021-05-14 20:52:26,367 INFO waiting for php to die
2021-05-16 09:15:20,398 CRIT Supervisor is running as root.  Privileges were not dropped because no user is specified in the config file.  If you intend to run as root, you can set user=root in the config file to avoid this message.
2021-05-16 09:15:20,399 INFO Included extra file "/etc/supervisor/conf.d/phpSupervisord.conf" during parsing
2021-05-16 09:15:20,415 INFO RPC interface 'supervisor' initialized
2021-05-16 09:15:20,416 CRIT Server 'unix_http_server' running without any HTTP authentication checking
2021-05-16 09:15:20,416 INFO supervisord started with pid 1
2021-05-16 09:15:21,422 INFO spawned: 'php' with pid 10
2021-05-16 09:15:21,428 INFO spawned: 'laravel-s-test' with pid 11
2021-05-16 09:15:22,634 INFO success: php entered RUNNING state, process has stayed up for > than 1 seconds (startsecs)
2021-05-16 09:15:22,635 INFO success: laravel-s-test entered RUNNING state, process has stayed up for > than 1 seconds (startsecs)
2021-05-16 11:31:23,123 WARN received SIGQUIT indicating exit request
2021-05-16 11:31:23,130 INFO waiting for php, laravel-s-test to die
2021-05-16 11:31:23,249 INFO stopped: laravel-s-test (exit status 0)
2021-05-16 11:31:23,269 INFO stopped: php (exit status 0)
2021-05-16 11:31:26,645 CRIT Supervisor is running as root.  Privileges were not dropped because no user is specified in the config file.  If you intend to run as root, you can set user=root in the config file to avoid this message.
2021-05-16 11:31:26,645 INFO Included extra file "/etc/supervisor/conf.d/phpSupervisord.conf" during parsing
2021-05-16 11:31:26,663 INFO RPC interface 'supervisor' initialized
2021-05-16 11:31:26,663 CRIT Server 'unix_http_server' running without any HTTP authentication checking
2021-05-16 11:31:26,664 INFO supervisord started with pid 1
2021-05-16 11:31:27,670 INFO spawned: 'php' with pid 10
2021-05-16 11:31:27,676 INFO spawned: 'laravel-s-test' with pid 11
2021-05-16 11:31:28,773 INFO success: php entered RUNNING state, process has stayed up for > than 1 seconds (startsecs)
2021-05-16 11:31:28,773 INFO success: laravel-s-test entered RUNNING state, process has stayed up for > than 1 seconds (startsecs)
2021-05-16 11:43:14,232 WARN received SIGQUIT indicating exit request
2021-05-16 11:43:14,241 INFO waiting for php, laravel-s-test to die
2021-05-16 11:43:14,273 INFO stopped: laravel-s-test (exit status 0)
2021-05-16 11:43:14,280 INFO stopped: php (exit status 0)
2021-05-16 11:43:17,479 CRIT Supervisor is running as root.  Privileges were not dropped because no user is specified in the config file.  If you intend to run as root, you can set user=root in the config file to avoid this message.
2021-05-16 11:43:17,479 INFO Included extra file "/etc/supervisor/conf.d/phpSupervisord.conf" during parsing
2021-05-16 11:43:17,493 INFO RPC interface 'supervisor' initialized
2021-05-16 11:43:17,494 CRIT Server 'unix_http_server' running without any HTTP authentication checking
2021-05-16 11:43:17,495 INFO supervisord started with pid 1
2021-05-16 11:43:18,501 INFO spawned: 'php' with pid 10
2021-05-16 11:43:18,509 INFO spawned: 'laravel-s-test' with pid 11
2021-05-16 11:43:19,566 INFO success: php entered RUNNING state, process has stayed up for > than 1 seconds (startsecs)
2021-05-16 11:43:19,567 INFO success: laravel-s-test entered RUNNING state, process has stayed up for > than 1 seconds (startsecs)
2021-05-16 11:44:06,752 WARN received SIGQUIT indicating exit request
2021-05-16 11:44:06,753 INFO waiting for php, laravel-s-test to die
2021-05-16 11:44:06,786 INFO stopped: laravel-s-test (exit status 0)
2021-05-16 11:44:06,794 INFO stopped: php (exit status 0)
2021-05-16 11:44:09,820 CRIT Supervisor is running as root.  Privileges were not dropped because no user is specified in the config file.  If you intend to run as root, you can set user=root in the config file to avoid this message.
2021-05-16 11:44:09,820 INFO Included extra file "/etc/supervisor/conf.d/phpSupervisord.conf" during parsing
2021-05-16 11:44:09,834 INFO RPC interface 'supervisor' initialized
2021-05-16 11:44:09,834 CRIT Server 'unix_http_server' running without any HTTP authentication checking
2021-05-16 11:44:09,835 INFO supervisord started with pid 1
2021-05-16 11:44:10,841 INFO spawned: 'php' with pid 9
2021-05-16 11:44:10,848 INFO spawned: 'laravel-s-test' with pid 10
2021-05-16 11:44:12,747 INFO success: php entered RUNNING state, process has stayed up for > than 1 seconds (startsecs)
2021-05-16 11:44:12,748 INFO success: laravel-s-test entered RUNNING state, process has stayed up for > than 1 seconds (startsecs)
2021-05-16 16:22:43,547 WARN received SIGQUIT indicating exit request
2021-05-16 16:22:43,576 INFO waiting for php, laravel-s-test to die
2021-05-16 16:22:43,999 INFO stopped: laravel-s-test (exit status 0)
2021-05-16 16:22:44,162 INFO stopped: php (exit status 0)
2021-05-16 16:22:48,685 CRIT Supervisor is running as root.  Privileges were not dropped because no user is specified in the config file.  If you intend to run as root, you can set user=root in the config file to avoid this message.
2021-05-16 16:22:48,686 INFO Included extra file "/etc/supervisor/conf.d/phpSupervisord.conf" during parsing
2021-05-16 16:22:48,714 INFO RPC interface 'supervisor' initialized
2021-05-16 16:22:48,715 CRIT Server 'unix_http_server' running without any HTTP authentication checking
2021-05-16 16:22:48,716 INFO supervisord started with pid 1
2021-05-16 16:22:49,723 INFO spawned: 'php' with pid 9
2021-05-16 16:22:49,734 INFO spawned: 'laravel-s-test' with pid 10
2021-05-16 16:22:50,935 INFO success: php entered RUNNING state, process has stayed up for > than 1 seconds (startsecs)
2021-05-16 16:22:50,937 INFO success: laravel-s-test entered RUNNING state, process has stayed up for > than 1 seconds (startsecs)
2021-05-16 16:24:19,461 WARN received SIGQUIT indicating exit request
2021-05-16 16:24:19,469 INFO waiting for php, laravel-s-test to die
2021-05-16 16:24:19,587 INFO stopped: laravel-s-test (exit status 0)
2021-05-16 16:24:19,617 INFO stopped: php (exit status 0)
2021-05-16 16:24:24,220 CRIT Supervisor is running as root.  Privileges were not dropped because no user is specified in the config file.  If you intend to run as root, you can set user=root in the config file to avoid this message.
2021-05-16 16:24:24,221 INFO Included extra file "/etc/supervisor/conf.d/phpSupervisord.conf" during parsing
2021-05-16 16:24:24,248 INFO RPC interface 'supervisor' initialized
2021-05-16 16:24:24,249 CRIT Server 'unix_http_server' running without any HTTP authentication checking
2021-05-16 16:24:24,250 INFO supervisord started with pid 1
2021-05-16 16:24:25,255 INFO spawned: 'php' with pid 9
2021-05-16 16:24:25,262 INFO spawned: 'laravel-s-test' with pid 10
2021-05-16 16:24:26,400 INFO success: php entered RUNNING state, process has stayed up for > than 1 seconds (startsecs)
2021-05-16 16:24:26,401 INFO success: laravel-s-test entered RUNNING state, process has stayed up for > than 1 seconds (startsecs)
2021-05-16 16:57:35,511 WARN received SIGTERM indicating exit request
2021-05-16 17:56:56,872 CRIT Supervisor is running as root.  Privileges were not dropped because no user is specified in the config file.  If you intend to run as root, you can set user=root in the config file to avoid this message.
2021-05-16 17:56:56,875 INFO Included extra file "/etc/supervisor/conf.d/phpSupervisord.conf" during parsing
2021-05-16 17:56:56,901 INFO RPC interface 'supervisor' initialized
2021-05-16 17:56:56,901 CRIT Server 'unix_http_server' running without any HTTP authentication checking
2021-05-16 17:56:56,902 INFO supervisord started with pid 1
2021-05-16 17:56:57,907 INFO spawned: 'php' with pid 10
2021-05-16 17:56:57,917 INFO spawned: 'laravel-s-test' with pid 11
2021-05-16 17:56:59,149 INFO success: php entered RUNNING state, process has stayed up for > than 1 seconds (startsecs)
2021-05-16 17:56:59,150 INFO success: laravel-s-test entered RUNNING state, process has stayed up for > than 1 seconds (startsecs)
2021-05-16 18:28:58,648 WARN received SIGTERM indicating exit request
2021-05-17 11:13:23,520 CRIT Supervisor is running as root.  Privileges were not dropped because no user is specified in the config file.  If you intend to run as root, you can set user=root in the config file to avoid this message.
2021-05-17 11:13:23,522 INFO Included extra file "/etc/supervisor/conf.d/phpSupervisord.conf" during parsing
2021-05-17 11:13:23,543 INFO RPC interface 'supervisor' initialized
2021-05-17 11:13:23,544 CRIT Server 'unix_http_server' running without any HTTP authentication checking
2021-05-17 11:13:23,545 INFO supervisord started with pid 1
2021-05-17 11:13:24,551 INFO spawned: 'php' with pid 11
2021-05-17 11:13:24,561 INFO spawned: 'laravel-s-test' with pid 12
2021-05-17 11:13:25,880 INFO success: php entered RUNNING state, process has stayed up for > than 1 seconds (startsecs)
2021-05-17 11:13:25,883 INFO success: laravel-s-test entered RUNNING state, process has stayed up for > than 1 seconds (startsecs)
2021-05-17 12:07:59,075 WARN received SIGQUIT indicating exit request
2021-05-17 12:07:59,104 INFO waiting for php, laravel-s-test to die
2021-05-17 12:07:59,296 INFO stopped: laravel-s-test (exit status 0)
2021-05-17 12:07:59,352 INFO stopped: php (exit status 0)
2021-05-17 12:08:20,529 CRIT Supervisor is running as root.  Privileges were not dropped because no user is specified in the config file.  If you intend to run as root, you can set user=root in the config file to avoid this message.
2021-05-17 12:08:20,530 INFO Included extra file "/etc/supervisor/conf.d/phpSupervisord.conf" during parsing
2021-05-17 12:08:20,554 INFO RPC interface 'supervisor' initialized
2021-05-17 12:08:20,555 CRIT Server 'unix_http_server' running without any HTTP authentication checking
2021-05-17 12:08:20,556 INFO supervisord started with pid 1
2021-05-17 12:08:21,562 INFO spawned: 'php' with pid 10
2021-05-17 12:08:21,568 INFO spawned: 'laravel-s-test' with pid 11
2021-05-17 12:08:22,673 INFO success: php entered RUNNING state, process has stayed up for > than 1 seconds (startsecs)
2021-05-17 12:08:22,674 INFO success: laravel-s-test entered RUNNING state, process has stayed up for > than 1 seconds (startsecs)
2021-05-17 16:34:06,741 WARN received SIGQUIT indicating exit request
2021-05-17 16:34:06,745 INFO waiting for php, laravel-s-test to die
2021-05-17 16:34:06,796 INFO stopped: laravel-s-test (exit status 0)
2021-05-17 16:34:06,809 INFO stopped: php (exit status 0)
2021-05-17 16:34:09,154 CRIT Supervisor is running as root.  Privileges were not dropped because no user is specified in the config file.  If you intend to run as root, you can set user=root in the config file to avoid this message.
2021-05-17 16:34:09,154 INFO Included extra file "/etc/supervisor/conf.d/phpSupervisord.conf" during parsing
2021-05-17 16:34:09,173 INFO RPC interface 'supervisor' initialized
2021-05-17 16:34:09,174 CRIT Server 'unix_http_server' running without any HTTP authentication checking
2021-05-17 16:34:09,175 INFO supervisord started with pid 1
2021-05-17 16:34:10,189 INFO spawned: 'php' with pid 11
2021-05-17 16:34:10,198 INFO spawned: 'laravel-s-test' with pid 12
2021-05-17 16:34:11,270 INFO success: php entered RUNNING state, process has stayed up for > than 1 seconds (startsecs)
2021-05-17 16:34:11,270 INFO success: laravel-s-test entered RUNNING state, process has stayed up for > than 1 seconds (startsecs)
2021-05-17 17:20:01,279 CRIT Supervisor is running as root.  Privileges were not dropped because no user is specified in the config file.  If you intend to run as root, you can set user=root in the config file to avoid this message.
2021-05-17 17:20:01,280 INFO Included extra file "/etc/supervisor/conf.d/phpSupervisord.conf" during parsing
2021-05-17 17:20:01,297 INFO RPC interface 'supervisor' initialized
2021-05-17 17:20:01,298 CRIT Server 'unix_http_server' running without any HTTP authentication checking
2021-05-17 17:20:01,299 INFO supervisord started with pid 1
2021-05-17 17:20:02,305 INFO spawned: 'php' with pid 9
2021-05-17 17:20:02,313 INFO spawned: 'laravel-s-test' with pid 10
2021-05-17 17:20:03,374 INFO success: php entered RUNNING state, process has stayed up for > than 1 seconds (startsecs)
2021-05-17 17:20:03,375 INFO success: laravel-s-test entered RUNNING state, process has stayed up for > than 1 seconds (startsecs)
2021-05-17 20:25:27,807 WARN received SIGQUIT indicating exit request
2021-05-17 20:25:27,811 INFO waiting for php, laravel-s-test to die
2021-05-17 20:25:27,954 INFO stopped: laravel-s-test (exit status 0)
2021-05-17 20:25:27,978 INFO stopped: php (exit status 0)
2021-05-17 20:26:50,373 CRIT Supervisor is running as root.  Privileges were not dropped because no user is specified in the config file.  If you intend to run as root, you can set user=root in the config file to avoid this message.
2021-05-17 20:26:50,374 INFO Included extra file "/etc/supervisor/conf.d/phpSupervisord.conf" during parsing
2021-05-17 20:26:50,397 INFO RPC interface 'supervisor' initialized
2021-05-17 20:26:50,398 CRIT Server 'unix_http_server' running without any HTTP authentication checking
2021-05-17 20:26:50,398 INFO supervisord started with pid 1
2021-05-17 20:26:51,404 INFO spawned: 'php' with pid 10
2021-05-17 20:26:51,409 INFO spawned: 'laravel-s-test' with pid 11
2021-05-17 20:26:52,503 INFO success: php entered RUNNING state, process has stayed up for > than 1 seconds (startsecs)
2021-05-17 20:26:52,505 INFO success: laravel-s-test entered RUNNING state, process has stayed up for > than 1 seconds (startsecs)
2021-05-17 20:29:18,397 WARN received SIGQUIT indicating exit request
2021-05-17 20:29:18,398 INFO waiting for php, laravel-s-test to die
2021-05-17 20:29:18,428 INFO stopped: laravel-s-test (exit status 0)
2021-05-17 20:29:18,442 INFO stopped: php (exit status 0)
2021-05-17 20:29:46,220 CRIT Supervisor is running as root.  Privileges were not dropped because no user is specified in the config file.  If you intend to run as root, you can set user=root in the config file to avoid this message.
2021-05-17 20:29:46,221 INFO Included extra file "/etc/supervisor/conf.d/phpSupervisord.conf" during parsing
2021-05-17 20:29:46,243 INFO RPC interface 'supervisor' initialized
2021-05-17 20:29:46,244 CRIT Server 'unix_http_server' running without any HTTP authentication checking
2021-05-17 20:29:46,245 INFO supervisord started with pid 1
2021-05-17 20:29:47,252 INFO spawned: 'php' with pid 9
2021-05-17 20:29:47,266 INFO spawned: 'laravel-s-test' with pid 10
2021-05-17 20:29:48,302 INFO success: php entered RUNNING state, process has stayed up for > than 1 seconds (startsecs)
2021-05-17 20:29:48,303 INFO success: laravel-s-test entered RUNNING state, process has stayed up for > than 1 seconds (startsecs)
